This is pdfTeX, Version 3.141592653-2.6-1.40.24 (TeX Live 2022) (preloaded format=pdflatex 2022.5.23)  23 MAY 2022 15:11
entering extended mode
 restricted \write18 enabled.
 %&-line parsing enabled.
**Tarea-5.tex
(./Tarea-5.tex
LaTeX2e <2021-11-15> patch level 1
L3 programming layer <2022-05-04> (c:/Users/rault/AppData/Roaming/TinyTeX/texmf-dist/tex/latex/base/article.cls
Document Class: article 2021/10/04 v1.4n Standard LaTeX document class
(c:/Users/rault/AppData/Roaming/TinyTeX/texmf-dist/tex/latex/base/size10.clo
File: size10.clo 2021/10/04 v1.4n Standard LaTeX file (size option)
)
\c@part=\count185
\c@section=\count186
\c@subsection=\count187
\c@subsubsection=\count188
\c@paragraph=\count189
\c@subparagraph=\count190
\c@figure=\count191
\c@table=\count192
\abovecaptionskip=\skip47
\belowcaptionskip=\skip48
\bibindent=\dimen138
) (c:/Users/rault/AppData/Roaming/TinyTeX/texmf-dist/tex/latex/amsmath/amsmath.sty
Package: amsmath 2021/10/15 v2.17l AMS math features
\@mathmargin=\skip49
For additional information on amsmath, use the `?' option.
(c:/Users/rault/AppData/Roaming/TinyTeX/texmf-dist/tex/latex/amsmath/amstext.sty
Package: amstext 2021/08/26 v2.01 AMS text
(c:/Users/rault/AppData/Roaming/TinyTeX/texmf-dist/tex/latex/amsmath/amsgen.sty
File: amsgen.sty 1999/11/30 v2.0 generic functions
\@emptytoks=\toks16
\ex@=\dimen139
)) (c:/Users/rault/AppData/Roaming/TinyTeX/texmf-dist/tex/latex/amsmath/amsbsy.sty
Package: amsbsy 1999/11/29 v1.2d Bold Symbols
\pmbraise@=\dimen140
) (c:/Users/rault/AppData/Roaming/TinyTeX/texmf-dist/tex/latex/amsmath/amsopn.sty
Package: amsopn 2021/08/26 v2.02 operator names
)
\inf@bad=\count193
LaTeX Info: Redefining \frac on input line 234.
\uproot@=\count194
\leftroot@=\count195
LaTeX Info: Redefining \overline on input line 399.
\classnum@=\count196
\DOTSCASE@=\count197
LaTeX Info: Redefining \ldots on input line 496.
LaTeX Info: Redefining \dots on input line 499.
LaTeX Info: Redefining \cdots on input line 620.
\Mathstrutbox@=\box50
\strutbox@=\box51
\big@size=\dimen141
LaTeX Font Info:    Redeclaring font encoding OML on input line 743.
LaTeX Font Info:    Redeclaring font encoding OMS on input line 744.
\macc@depth=\count198
\c@MaxMatrixCols=\count199
\dotsspace@=\muskip16
\c@parentequation=\count266
\dspbrk@lvl=\count267
\tag@help=\toks17
\row@=\count268
\column@=\count269
\maxfields@=\count270
\andhelp@=\toks18
\eqnshift@=\dimen142
\alignsep@=\dimen143
\tagshift@=\dimen144
\tagwidth@=\dimen145
\totwidth@=\dimen146
\lineht@=\dimen147
\@envbody=\toks19
\multlinegap=\skip50
\multlinetaggap=\skip51
\mathdisplay@stack=\toks20
LaTeX Info: Redefining \[ on input line 2938.
LaTeX Info: Redefining \] on input line 2939.
) (c:/Users/rault/AppData/Roaming/TinyTeX/texmf-dist/tex/latex/amsfonts/amssymb.sty
Package: amssymb 2013/01/14 v3.01 AMS font symbols
(c:/Users/rault/AppData/Roaming/TinyTeX/texmf-dist/tex/latex/amsfonts/amsfonts.sty
Package: amsfonts 2013/01/14 v3.01 Basic AMSFonts support
\symAMSa=\mathgroup4
\symAMSb=\mathgroup5
LaTeX Font Info:    Redeclaring math symbol \hbar on input line 98.
LaTeX Font Info:    Overwriting math alphabet `\mathfrak' in version `bold'
(Font)                  U/euf/m/n --> U/euf/b/n on input line 106.
)) (c:/Users/rault/AppData/Roaming/TinyTeX/texmf-dist/tex/latex/lm/lmodern.sty
Package: lmodern 2015/05/01 v1.6.1 Latin Modern Fonts
LaTeX Font Info:    Overwriting symbol font `operators' in version `normal'
(Font)                  OT1/cmr/m/n --> OT1/lmr/m/n on input line 22.
LaTeX Font Info:    Overwriting symbol font `letters' in version `normal'
(Font)                  OML/cmm/m/it --> OML/lmm/m/it on input line 23.
LaTeX Font Info:    Overwriting symbol font `symbols' in version `normal'
(Font)                  OMS/cmsy/m/n --> OMS/lmsy/m/n on input line 24.
LaTeX Font Info:    Overwriting symbol font `largesymbols' in version `normal'
(Font)                  OMX/cmex/m/n --> OMX/lmex/m/n on input line 25.
LaTeX Font Info:    Overwriting symbol font `operators' in version `bold'
(Font)                  OT1/cmr/bx/n --> OT1/lmr/bx/n on input line 26.
LaTeX Font Info:    Overwriting symbol font `letters' in version `bold'
(Font)                  OML/cmm/b/it --> OML/lmm/b/it on input line 27.
LaTeX Font Info:    Overwriting symbol font `symbols' in version `bold'
(Font)                  OMS/cmsy/b/n --> OMS/lmsy/b/n on input line 28.
LaTeX Font Info:    Overwriting symbol font `largesymbols' in version `bold'
(Font)                  OMX/cmex/m/n --> OMX/lmex/m/n on input line 29.
LaTeX Font Info:    Overwriting math alphabet `\mathbf' in version `normal'
(Font)                  OT1/cmr/bx/n --> OT1/lmr/bx/n on input line 31.
LaTeX Font Info:    Overwriting math alphabet `\mathsf' in version `normal'
(Font)                  OT1/cmss/m/n --> OT1/lmss/m/n on input line 32.
LaTeX Font Info:    Overwriting math alphabet `\mathit' in version `normal'
(Font)                  OT1/cmr/m/it --> OT1/lmr/m/it on input line 33.
LaTeX Font Info:    Overwriting math alphabet `\mathtt' in version `normal'
(Font)                  OT1/cmtt/m/n --> OT1/lmtt/m/n on input line 34.
LaTeX Font Info:    Overwriting math alphabet `\mathbf' in version `bold'
(Font)                  OT1/cmr/bx/n --> OT1/lmr/bx/n on input line 35.
LaTeX Font Info:    Overwriting math alphabet `\mathsf' in version `bold'
(Font)                  OT1/cmss/bx/n --> OT1/lmss/bx/n on input line 36.
LaTeX Font Info:    Overwriting math alphabet `\mathit' in version `bold'
(Font)                  OT1/cmr/bx/it --> OT1/lmr/bx/it on input line 37.
LaTeX Font Info:    Overwriting math alphabet `\mathtt' in version `bold'
(Font)                  OT1/cmtt/m/n --> OT1/lmtt/m/n on input line 38.
) (c:/Users/rault/AppData/Roaming/TinyTeX/texmf-dist/tex/generic/iftex/iftex.sty
Package: iftex 2022/02/03 v1.0f TeX engine tests
) (c:/Users/rault/AppData/Roaming/TinyTeX/texmf-dist/tex/latex/base/fontenc.sty
Package: fontenc 2021/04/29 v2.0v Standard LaTeX package
LaTeX Font Info:    Trying to load font information for T1+lmr on input line 112.
(c:/Users/rault/AppData/Roaming/TinyTeX/texmf-dist/tex/latex/lm/t1lmr.fd
File: t1lmr.fd 2015/05/01 v1.6.1 Font defs for Latin Modern
)) (c:/Users/rault/AppData/Roaming/TinyTeX/texmf-dist/tex/latex/base/inputenc.sty
Package: inputenc 2021/02/14 v1.3d Input encoding file
\inpenc@prehook=\toks21
\inpenc@posthook=\toks22
) (c:/Users/rault/AppData/Roaming/TinyTeX/texmf-dist/tex/latex/base/textcomp.sty
Package: textcomp 2020/02/02 v2.0n Standard LaTeX package
) (c:/Users/rault/AppData/Roaming/TinyTeX/texmf-dist/tex/latex/xcolor/xcolor.sty
Package: xcolor 2021/10/31 v2.13 LaTeX color extensions (UK)
(c:/Users/rault/AppData/Roaming/TinyTeX/texmf-dist/tex/latex/graphics-cfg/color.cfg
File: color.cfg 2016/01/02 v1.6 sample color configuration
)
Package xcolor Info: Driver file: pdftex.def on input line 227.
(c:/Users/rault/AppData/Roaming/TinyTeX/texmf-dist/tex/latex/graphics-def/pdftex.def
File: pdftex.def 2020/10/05 v1.2a Graphics/color driver for pdftex
)
Package xcolor Info: Model `cmy' substituted by `cmy0' on input line 1352.
Package xcolor Info: Model `hsb' substituted by `rgb' on input line 1356.
Package xcolor Info: Model `RGB' extended on input line 1368.
Package xcolor Info: Model `HTML' substituted by `rgb' on input line 1370.
Package xcolor Info: Model `Hsb' substituted by `hsb' on input line 1371.
Package xcolor Info: Model `tHsb' substituted by `hsb' on input line 1372.
Package xcolor Info: Model `HSB' substituted by `hsb' on input line 1373.
Package xcolor Info: Model `Gray' substituted by `gray' on input line 1374.
Package xcolor Info: Model `wave' substituted by `hsb' on input line 1375.
(c:/Users/rault/AppData/Roaming/TinyTeX/texmf-dist/tex/latex/graphics/dvipsnam.def
File: dvipsnam.def 2016/06/17 v3.0m Driver-dependent file (DPC,SPQR)
) (c:/Users/rault/AppData/Roaming/TinyTeX/texmf-dist/tex/latex/xcolor/svgnam.def
File: svgnam.def 2021/10/31 v2.13 Predefined colors according to SVG 1.1 (UK)
) (c:/Users/rault/AppData/Roaming/TinyTeX/texmf-dist/tex/latex/xcolor/x11nam.def
File: x11nam.def 2021/10/31 v2.13 Predefined colors according to Unix/X11 (UK)
)) (c:/Users/rault/AppData/Roaming/TinyTeX/texmf-dist/tex/latex/hyperref/hyperref.sty
Package: hyperref 2022-05-17 v7.00q Hypertext links for LaTeX
(c:/Users/rault/AppData/Roaming/TinyTeX/texmf-dist/tex/generic/ltxcmds/ltxcmds.sty
Package: ltxcmds 2020-05-10 v1.25 LaTeX kernel commands for general use (HO)
) (c:/Users/rault/AppData/Roaming/TinyTeX/texmf-dist/tex/generic/pdftexcmds/pdftexcmds.sty
Package: pdftexcmds 2020-06-27 v0.33 Utility functions of pdfTeX for LuaTeX (HO)
(c:/Users/rault/AppData/Roaming/TinyTeX/texmf-dist/tex/generic/infwarerr/infwarerr.sty
Package: infwarerr 2019/12/03 v1.5 Providing info/warning/error messages (HO)
)
Package pdftexcmds Info: \pdf@primitive is available.
Package pdftexcmds Info: \pdf@ifprimitive is available.
Package pdftexcmds Info: \pdfdraftmode found.
) (c:/Users/rault/AppData/Roaming/TinyTeX/texmf-dist/tex/latex/graphics/keyval.sty
Package: keyval 2014/10/28 v1.15 key=value parser (DPC)
\KV@toks@=\toks23
) (c:/Users/rault/AppData/Roaming/TinyTeX/texmf-dist/tex/generic/kvsetkeys/kvsetkeys.sty
Package: kvsetkeys 2019/12/15 v1.18 Key value parser (HO)
) (c:/Users/rault/AppData/Roaming/TinyTeX/texmf-dist/tex/generic/kvdefinekeys/kvdefinekeys.sty
Package: kvdefinekeys 2019-12-19 v1.6 Define keys (HO)
) (c:/Users/rault/AppData/Roaming/TinyTeX/texmf-dist/tex/generic/pdfescape/pdfescape.sty
Package: pdfescape 2019/12/09 v1.15 Implements pdfTeX's escape features (HO)
) (c:/Users/rault/AppData/Roaming/TinyTeX/texmf-dist/tex/latex/hycolor/hycolor.sty
Package: hycolor 2020-01-27 v1.10 Color options for hyperref/bookmark (HO)
) (c:/Users/rault/AppData/Roaming/TinyTeX/texmf-dist/tex/latex/letltxmacro/letltxmacro.sty
Package: letltxmacro 2019/12/03 v1.6 Let assignment for LaTeX macros (HO)
) (c:/Users/rault/AppData/Roaming/TinyTeX/texmf-dist/tex/latex/auxhook/auxhook.sty
Package: auxhook 2019-12-17 v1.6 Hooks for auxiliary files (HO)
) (c:/Users/rault/AppData/Roaming/TinyTeX/texmf-dist/tex/latex/hyperref/nameref.sty
Package: nameref 2022-05-17 v2.50 Cross-referencing by name of section
(c:/Users/rault/AppData/Roaming/TinyTeX/texmf-dist/tex/latex/refcount/refcount.sty
Package: refcount 2019/12/15 v3.6 Data extraction from label references (HO)
) (c:/Users/rault/AppData/Roaming/TinyTeX/texmf-dist/tex/generic/gettitlestring/gettitlestring.sty
Package: gettitlestring 2019/12/15 v1.6 Cleanup title references (HO)
(c:/Users/rault/AppData/Roaming/TinyTeX/texmf-dist/tex/latex/kvoptions/kvoptions.sty
Package: kvoptions 2020-10-07 v3.14 Key value format for package options (HO)
))
\c@section@level=\count271
)
\@linkdim=\dimen148
\Hy@linkcounter=\count272
\Hy@pagecounter=\count273
(c:/Users/rault/AppData/Roaming/TinyTeX/texmf-dist/tex/latex/hyperref/pd1enc.def
File: pd1enc.def 2022-05-17 v7.00q Hyperref: PDFDocEncoding definition (HO)
Now handling font encoding PD1 ...
... no UTF-8 mapping file for font encoding PD1
) (c:/Users/rault/AppData/Roaming/TinyTeX/texmf-dist/tex/generic/intcalc/intcalc.sty
Package: intcalc 2019/12/15 v1.3 Expandable calculations with integers (HO)
) (c:/Users/rault/AppData/Roaming/TinyTeX/texmf-dist/tex/generic/etexcmds/etexcmds.sty
Package: etexcmds 2019/12/15 v1.7 Avoid name clashes with e-TeX commands (HO)
)
\Hy@SavedSpaceFactor=\count274
(c:/Users/rault/AppData/Roaming/TinyTeX/texmf-dist/tex/latex/hyperref/puenc.def
File: puenc.def 2022-05-17 v7.00q Hyperref: PDF Unicode definition (HO)
Now handling font encoding PU ...
... no UTF-8 mapping file for font encoding PU
)
Package hyperref Info: Option `unicode' set `true' on input line 4020.
Package hyperref Info: Hyper figures OFF on input line 4139.
Package hyperref Info: Link nesting OFF on input line 4144.
Package hyperref Info: Hyper index ON on input line 4147.
Package hyperref Info: Plain pages OFF on input line 4154.
Package hyperref Info: Backreferencing OFF on input line 4159.
Package hyperref Info: Implicit mode ON; LaTeX internals redefined.
Package hyperref Info: Bookmarks ON on input line 4385.
\c@Hy@tempcnt=\count275
(c:/Users/rault/AppData/Roaming/TinyTeX/texmf-dist/tex/latex/url/url.sty
\Urlmuskip=\muskip17
Package: url 2013/09/16  ver 3.4  Verb mode for urls, etc.
)
LaTeX Info: Redefining \url on input line 4723.
\XeTeXLinkMargin=\dimen149
(c:/Users/rault/AppData/Roaming/TinyTeX/texmf-dist/tex/generic/bitset/bitset.sty
Package: bitset 2019/12/09 v1.3 Handle bit-vector datatype (HO)
(c:/Users/rault/AppData/Roaming/TinyTeX/texmf-dist/tex/generic/bigintcalc/bigintcalc.sty
Package: bigintcalc 2019/12/15 v1.5 Expandable calculations on big integers (HO)
))
\Fld@menulength=\count276
\Field@Width=\dimen150
\Fld@charsize=\dimen151
Package hyperref Info: Hyper figures OFF on input line 6001.
Package hyperref Info: Link nesting OFF on input line 6006.
Package hyperref Info: Hyper index ON on input line 6009.
Package hyperref Info: backreferencing OFF on input line 6016.
Package hyperref Info: Link coloring OFF on input line 6021.
Package hyperref Info: Link coloring with OCG OFF on input line 6026.
Package hyperref Info: PDF/A mode OFF on input line 6031.
LaTeX Info: Redefining \ref on input line 6078.
LaTeX Info: Redefining \pageref on input line 6078.
(c:/Users/rault/AppData/Roaming/TinyTeX/texmf-dist/tex/latex/base/atbegshi-ltx.sty
Package: atbegshi-ltx 2021/01/10 v1.0c Emulation of the original atbegshi
package with kernel methods
)
\Hy@abspage=\count277
\c@Item=\count278
\c@Hfootnote=\count279
)
Package hyperref Info: Driver (autodetected): hpdftex.
(c:/Users/rault/AppData/Roaming/TinyTeX/texmf-dist/tex/latex/hyperref/hpdftex.def
File: hpdftex.def 2022-05-17 v7.00q Hyperref driver for pdfTeX
(c:/Users/rault/AppData/Roaming/TinyTeX/texmf-dist/tex/latex/base/atveryend-ltx.sty
Package: atveryend-ltx 2020/08/19 v1.0a Emulation of the original atveryend package
with kernel methods
)
\Fld@listcount=\count280
\c@bookmark@seq@number=\count281
(c:/Users/rault/AppData/Roaming/TinyTeX/texmf-dist/tex/latex/rerunfilecheck/rerunfilecheck.sty
Package: rerunfilecheck 2019/12/05 v1.9 Rerun checks for auxiliary files (HO)
(c:/Users/rault/AppData/Roaming/TinyTeX/texmf-dist/tex/generic/uniquecounter/uniquecounter.sty
Package: uniquecounter 2019/12/15 v1.4 Provide unlimited unique counter (HO)
)
Package uniquecounter Info: New unique counter `rerunfilecheck' on input line 286.
)
\Hy@SectionHShift=\skip52
)
Package hyperref Info: Option `colorlinks' set `true' on input line 45.
(c:/Users/rault/AppData/Roaming/TinyTeX/texmf-dist/tex/latex/geometry/geometry.sty
Package: geometry 2020/01/02 v5.9 Page Geometry
(c:/Users/rault/AppData/Roaming/TinyTeX/texmf-dist/tex/generic/iftex/ifvtex.sty
Package: ifvtex 2019/10/25 v1.7 ifvtex legacy package. Use iftex instead.
)
\Gm@cnth=\count282
\Gm@cntv=\count283
\c@Gm@tempcnt=\count284
\Gm@bindingoffset=\dimen152
\Gm@wd@mp=\dimen153
\Gm@odd@mp=\dimen154
\Gm@even@mp=\dimen155
\Gm@layoutwidth=\dimen156
\Gm@layoutheight=\dimen157
\Gm@layouthoffset=\dimen158
\Gm@layoutvoffset=\dimen159
\Gm@dimlist=\toks24
) (c:/Users/rault/AppData/Roaming/TinyTeX/texmf-dist/tex/latex/graphics/graphicx.sty
Package: graphicx 2021/09/16 v1.2d Enhanced LaTeX Graphics (DPC,SPQR)
(c:/Users/rault/AppData/Roaming/TinyTeX/texmf-dist/tex/latex/graphics/graphics.sty
Package: graphics 2021/03/04 v1.4d Standard LaTeX Graphics (DPC,SPQR)
(c:/Users/rault/AppData/Roaming/TinyTeX/texmf-dist/tex/latex/graphics/trig.sty
Package: trig 2021/08/11 v1.11 sin cos tan (DPC)
) (c:/Users/rault/AppData/Roaming/TinyTeX/texmf-dist/tex/latex/graphics-cfg/graphics.cfg
File: graphics.cfg 2016/06/04 v1.11 sample graphics configuration
)
Package graphics Info: Driver file: pdftex.def on input line 107.
)
\Gin@req@height=\dimen160
\Gin@req@width=\dimen161
) (c:/Users/rault/AppData/Roaming/TinyTeX/texmf-dist/tex/latex/tocbibind/tocbibind.sty
Package: tocbibind 2010/10/13 v1.5k extra ToC listings
Package tocbibind Info: The document has section divisions on input line 50.

Package tocbibind Note: Using section or other style headings.

) (c:/Users/rault/AppData/Roaming/TinyTeX/texmf-dist/tex/generic/babel/babel.sty
Package: babel 2022/05/22 3.75 The Babel package
\babel@savecnt=\count285
\U@D=\dimen162
\l@unhyphenated=\language4
(c:/Users/rault/AppData/Roaming/TinyTeX/texmf-dist/tex/generic/babel/txtbabel.def)
\bbl@readstream=\read2
\bbl@dirlevel=\count286
(c:/Users/rault/AppData/Roaming/TinyTeX/texmf-dist/tex/generic/babel-spanish/spanish.ldf
Language: spanish.ldf 2021/05/27 v5.0q Spanish support from the babel system
\es@quottoks=\toks25
\es@quotdepth=\count287
Package babel Info: Making " an active character on input line 570.
Package babel Info: Making . an active character on input line 675.
Package babel Info: Making < an active character on input line 722.
Package babel Info: Making > an active character on input line 722.
)) (c:/Users/rault/AppData/Roaming/TinyTeX/texmf-dist/tex/generic/babel/locale/es/babel-spanish.tex
Package babel Info: Importing font and identification data for spanish
(babel)             from babel-es.ini. Reported on input line 11.
) (c:/Users/rault/AppData/Roaming/TinyTeX/texmf-dist/tex/latex/pdfpages/pdfpages.sty
Package: pdfpages 2022/01/29 v0.5u Insert pages of external PDF documents (AM)
(c:/Users/rault/AppData/Roaming/TinyTeX/texmf-dist/tex/latex/base/ifthen.sty
Package: ifthen 2020/11/24 v1.1c Standard LaTeX ifthen package (DPC)
) (c:/Users/rault/AppData/Roaming/TinyTeX/texmf-dist/tex/latex/tools/calc.sty
Package: calc 2017/05/25 v4.3 Infix arithmetic (KKT,FJ)
\calc@Acount=\count288
\calc@Bcount=\count289
\calc@Adimen=\dimen163
\calc@Bdimen=\dimen164
\calc@Askip=\skip53
\calc@Bskip=\skip54
LaTeX Info: Redefining \setlength on input line 80.
LaTeX Info: Redefining \addtolength on input line 81.
\calc@Ccount=\count290
\calc@Cskip=\skip55
) (c:/Users/rault/AppData/Roaming/TinyTeX/texmf-dist/tex/latex/eso-pic/eso-pic.sty
Package: eso-pic 2020/10/14 v3.0a eso-pic (RN)
\ESO@tempdima=\dimen165
\ESO@tempdimb=\dimen166
)
\AM@pagewidth=\dimen167
\AM@pageheight=\dimen168
\AM@fboxrule=\dimen169
(c:/Users/rault/AppData/Roaming/TinyTeX/texmf-dist/tex/latex/pdfpages/pppdftex.def
File: pppdftex.def 2022/01/29 v0.5u Pdfpages driver for pdfTeX (AM)
)
\pdfpages@includegraphics@status=\count291
\AM@pagebox=\box52
\AM@global@opts=\toks26
\AM@pagecnt=\count292
\AM@toc@title=\toks27
\c@AM@survey=\count293
\AM@templatesizebox=\box53
) (c:/Users/rault/AppData/Roaming/TinyTeX/texmf-dist/tex/latex/booktabs/booktabs.sty
Package: booktabs 2020/01/12 v1.61803398 Publication quality tables
\heavyrulewidth=\dimen170
\lightrulewidth=\dimen171
\cmidrulewidth=\dimen172
\belowrulesep=\dimen173
\belowbottomsep=\dimen174
\aboverulesep=\dimen175
\abovetopsep=\dimen176
\cmidrulesep=\dimen177
\cmidrulekern=\dimen178
\defaultaddspace=\dimen179
\@cmidla=\count294
\@cmidlb=\count295
\@aboverulesep=\dimen180
\@belowrulesep=\dimen181
\@thisruleclass=\count296
\@lastruleclass=\count297
\@thisrulewidth=\dimen182
) (c:/Users/rault/AppData/Roaming/TinyTeX/texmf-dist/tex/latex/tools/longtable.sty
Package: longtable 2021-09-01 v4.17 Multi-page Table package (DPC)
\LTleft=\skip56
\LTright=\skip57
\LTpre=\skip58
\LTpost=\skip59
\LTchunksize=\count298
\LTcapwidth=\dimen183
\LT@head=\box54
\LT@firsthead=\box55
\LT@foot=\box56
\LT@lastfoot=\box57
\LT@gbox=\box58
\LT@cols=\count299
\LT@rows=\count300
\c@LT@tables=\count301
\c@LT@chunks=\count302
\LT@p@ftn=\toks28
) (c:/Users/rault/AppData/Roaming/TinyTeX/texmf-dist/tex/latex/tools/array.sty
Package: array 2021/10/04 v2.5f Tabular extension package (FMi)
\col@sep=\dimen184
\ar@mcellbox=\box59
\extrarowheight=\dimen185
\NC@list=\toks29
\extratabsurround=\skip60
\backup@length=\skip61
\ar@cellbox=\box60
) (c:/Users/rault/AppData/Roaming/TinyTeX/texmf-dist/tex/latex/multirow/multirow.sty
Package: multirow 2021/03/15 v2.8 Span multiple rows of a table
\multirow@colwidth=\skip62
\multirow@cntb=\count303
\multirow@dima=\skip63
\bigstrutjot=\dimen186
) (c:/Users/rault/AppData/Roaming/TinyTeX/texmf-dist/tex/latex/wrapfig/wrapfig.sty
\wrapoverhang=\dimen187
\WF@size=\dimen188
\c@WF@wrappedlines=\count304
\WF@box=\box61
\WF@everypar=\toks30
Package: wrapfig 2003/01/31  v 3.6
) (c:/Users/rault/AppData/Roaming/TinyTeX/texmf-dist/tex/latex/float/float.sty
Package: float 2001/11/08 v1.3d Float enhancements (AL)
\c@float@type=\count305
\float@exts=\toks31
\float@box=\box62
\@float@everytoks=\toks32
\@floatcapt=\box63
) (c:/Users/rault/AppData/Roaming/TinyTeX/texmf-dist/tex/latex/colortbl/colortbl.sty
Package: colortbl 2020/01/04 v1.0e Color table columns (DPC)
\everycr=\toks33
\minrowclearance=\skip64
) (c:/Users/rault/AppData/Roaming/TinyTeX/texmf-dist/tex/latex/pdflscape/pdflscape.sty
Package: pdflscape 2019/12/05 v0.12 Display of landscape pages in PDF (HO)
(c:/Users/rault/AppData/Roaming/TinyTeX/texmf-dist/tex/latex/graphics/lscape.sty
Package: lscape 2020/05/28 v3.02 Landscape Pages (DPC)
)
Package pdflscape Info: Auto-detected driver: pdftex on input line 81.
) (c:/Users/rault/AppData/Roaming/TinyTeX/texmf-dist/tex/latex/tabu/tabu.sty
Package: tabu 2019/01/11 v2.9 - flexible LaTeX tabulars (FC+tabu-fixed)
(c:/Users/rault/AppData/Roaming/TinyTeX/texmf-dist/tex/latex/varwidth/varwidth.sty
Package: varwidth 2009/03/30 ver 0.92;  Variable-width minipages
\@vwid@box=\box64
\sift@deathcycles=\count306
\@vwid@loff=\dimen189
\@vwid@roff=\dimen190
)
\c@taburow=\count307
\tabu@nbcols=\count308
\tabu@cnt=\count309
\tabu@Xcol=\count310
\tabu@alloc=\count311
\tabu@nested=\count312
\tabu@target=\dimen191
\tabu@spreadtarget=\dimen192
\tabu@naturalX=\dimen193
\tabucolX=\dimen194
\tabu@Xsum=\dimen195
\extrarowdepth=\dimen196
\abovetabulinesep=\dimen197
\belowtabulinesep=\dimen198
\tabustrutrule=\dimen199
\tabu@thebody=\toks34
\tabu@footnotes=\toks35
\tabu@box=\box65
\tabu@arstrutbox=\box66
\tabu@hleads=\box67
\tabu@vleads=\box68
\tabu@cellskip=\skip65
) (c:/Users/rault/AppData/Roaming/TinyTeX/texmf-dist/tex/latex/threeparttable/threeparttable.sty
Package: threeparttable 2003/06/13  v 3.0
\@tempboxb=\box69
) (c:/Users/rault/AppData/Roaming/TinyTeX/texmf-dist/tex/latex/threeparttablex/threeparttablex.sty
Package: threeparttablex 2013/07/23 v0.3 by daleif
(c:/Users/rault/AppData/Roaming/TinyTeX/texmf-dist/tex/latex/environ/environ.sty
Package: environ 2014/05/04 v0.3 A new way to define environments
(c:/Users/rault/AppData/Roaming/TinyTeX/texmf-dist/tex/latex/trimspaces/trimspaces.sty
Package: trimspaces 2009/09/17 v1.1 Trim spaces around a token list
))
\TPTL@width=\skip66
) (c:/Users/rault/AppData/Roaming/TinyTeX/texmf-dist/tex/generic/ulem/ulem.sty
\UL@box=\box70
\UL@hyphenbox=\box71
\UL@skip=\skip67
\UL@hook=\toks36
\UL@height=\dimen256
\UL@pe=\count313
\UL@pixel=\dimen257
\ULC@box=\box72
Package: ulem 2019/11/18
\ULdepth=\dimen258
) (c:/Users/rault/AppData/Roaming/TinyTeX/texmf-dist/tex/latex/makecell/makecell.sty
Package: makecell 2009/08/03 V0.1e Managing of Tab Column Heads and Cells
\rotheadsize=\dimen259
\c@nlinenum=\count314
\TeXr@lab=\toks37
) (c:/Users/rault/AppData/Roaming/TinyTeX/texmf-dist/tex/latex/l3backend/l3backend-pdftex.def
File: l3backend-pdftex.def 2022-04-20 L3 backend support: PDF output (pdfTeX)
\l__color_backend_stack_int=\count315
\l__pdf_internal_box=\box73
) (./Tarea-5.aux
LaTeX Info: Redefining \. on input line 22.
LaTeX Info: Redefining \% on input line 22.

LaTeX Warning: Label `' multiply defined.

)
\openout1 = `Tarea-5.aux'.

LaTeX Font Info:    Checking defaults for OML/cmm/m/it on input line 92.
LaTeX Font Info:    ... okay on input line 92.
LaTeX Font Info:    Checking defaults for OMS/cmsy/m/n on input line 92.
LaTeX Font Info:    ... okay on input line 92.
LaTeX Font Info:    Checking defaults for OT1/cmr/m/n on input line 92.
LaTeX Font Info:    ... okay on input line 92.
LaTeX Font Info:    Checking defaults for T1/cmr/m/n on input line 92.
LaTeX Font Info:    ... okay on input line 92.
LaTeX Font Info:    Checking defaults for TS1/cmr/m/n on input line 92.
LaTeX Font Info:    ... okay on input line 92.
LaTeX Font Info:    Checking defaults for OMX/cmex/m/n on input line 92.
LaTeX Font Info:    ... okay on input line 92.
LaTeX Font Info:    Checking defaults for U/cmr/m/n on input line 92.
LaTeX Font Info:    ... okay on input line 92.
LaTeX Font Info:    Checking defaults for PD1/pdf/m/n on input line 92.
LaTeX Font Info:    ... okay on input line 92.
LaTeX Font Info:    Checking defaults for PU/pdf/m/n on input line 92.
LaTeX Font Info:    ... okay on input line 92.
(c:/Users/rault/AppData/Roaming/TinyTeX/texmf-dist/tex/latex/epstopdf-pkg/epstopdf-base.sty
Package: epstopdf-base 2020-01-24 v2.11 Base part for package epstopdf
Package epstopdf-base Info: Redefining graphics rule for `.eps' on input line 485.
(c:/Users/rault/AppData/Roaming/TinyTeX/texmf-dist/tex/latex/latexconfig/epstopdf-sys.cfg
File: epstopdf-sys.cfg 2010/07/13 v1.3 Configuration of (r)epstopdf for TeX Live
))
Package hyperref Info: Link coloring ON on input line 92.
(./Tarea-5.out) (./Tarea-5.out)
\@outlinefile=\write3
\openout3 = `Tarea-5.out'.

*geometry* driver: auto-detecting
*geometry* detected driver: pdftex
*geometry* verbose mode - [ preamble ] result:
* driver: pdftex
* paper: <default>
* layout: <same size as paper>
* layoutoffset:(h,v)=(0.0pt,0.0pt)
* modes: 
* h-part:(L,W,R)=(72.26999pt, 469.75502pt, 72.26999pt)
* v-part:(T,H,B)=(72.26999pt, 650.43001pt, 72.26999pt)
* \paperwidth=614.295pt
* \paperheight=794.96999pt
* \textwidth=469.75502pt
* \textheight=650.43001pt
* \oddsidemargin=0.0pt
* \evensidemargin=0.0pt
* \topmargin=-37.0pt
* \headheight=12.0pt
* \headsep=25.0pt
* \topskip=10.0pt
* \footskip=30.0pt
* \marginparwidth=65.0pt
* \marginparsep=11.0pt
* \columnsep=10.0pt
* \skip\footins=9.0pt plus 4.0pt minus 2.0pt
* \hoffset=0.0pt
* \voffset=0.0pt
* \mag=1000
* \@twocolumnfalse
* \@twosidefalse
* \@mparswitchfalse
* \@reversemarginfalse
* (1in=72.27pt=25.4mm, 1cm=28.453pt)

LaTeX Info: Redefining \. on input line 92.
LaTeX Info: Redefining \% on input line 92.
<COLMEX.png, id=68, 491.9178pt x 148.6353pt>
File: COLMEX.png Graphic file (type png)
<use COLMEX.png>
Package pdftex.def Info: COLMEX.png  used on input line 98.
(pdftex.def)             Requested size: 281.85974pt x 85.16525pt.
[1

{c:/Users/rault/AppData/Roaming/TinyTeX/texmf-var/fonts/map/pdftex/updmap/pdftex.map} <./COLMEX.png>] (./Tarea-5.toc
LaTeX Info: Redefining \. on input line 1.
LaTeX Info: Redefining \% on input line 1.
LaTeX Font Info:    Trying to load font information for OT1+lmr on input line 3.
(c:/Users/rault/AppData/Roaming/TinyTeX/texmf-dist/tex/latex/lm/ot1lmr.fd
File: ot1lmr.fd 2015/05/01 v1.6.1 Font defs for Latin Modern
)
LaTeX Font Info:    Trying to load font information for OML+lmm on input line 3.
(c:/Users/rault/AppData/Roaming/TinyTeX/texmf-dist/tex/latex/lm/omllmm.fd
File: omllmm.fd 2015/05/01 v1.6.1 Font defs for Latin Modern
)
LaTeX Font Info:    Trying to load font information for OMS+lmsy on input line 3.
(c:/Users/rault/AppData/Roaming/TinyTeX/texmf-dist/tex/latex/lm/omslmsy.fd
File: omslmsy.fd 2015/05/01 v1.6.1 Font defs for Latin Modern
)
LaTeX Font Info:    Trying to load font information for OMX+lmex on input line 3.
(c:/Users/rault/AppData/Roaming/TinyTeX/texmf-dist/tex/latex/lm/omxlmex.fd
File: omxlmex.fd 2015/05/01 v1.6.1 Font defs for Latin Modern
)
LaTeX Font Info:    External font `lmex10' loaded for size
(Font)              <10> on input line 3.
LaTeX Font Info:    External font `lmex10' loaded for size
(Font)              <7> on input line 3.
LaTeX Font Info:    External font `lmex10' loaded for size
(Font)              <5> on input line 3.
LaTeX Font Info:    Trying to load font information for U+msa on input line 3.
(c:/Users/rault/AppData/Roaming/TinyTeX/texmf-dist/tex/latex/amsfonts/umsa.fd
File: umsa.fd 2013/01/14 v3.01 AMS symbols A
)
LaTeX Font Info:    Trying to load font information for U+msb on input line 3.
(c:/Users/rault/AppData/Roaming/TinyTeX/texmf-dist/tex/latex/amsfonts/umsb.fd
File: umsb.fd 2013/01/14 v3.01 AMS symbols B
)
LaTeX Font Info:    Trying to load font information for TS1+lmr on input line 14.
(c:/Users/rault/AppData/Roaming/TinyTeX/texmf-dist/tex/latex/lm/ts1lmr.fd
File: ts1lmr.fd 2015/05/01 v1.6.1 Font defs for Latin Modern
)
pdfTeX warning (ext4): destination with the same identifier (name{page.1}) has been already used, duplicate ignored
<to be read again> 
                   \relax 
l.17 ...recuencia trimestral.}{15}{subsection.3.2}
                                                  % [1])
\tf@toc=\write4
\openout4 = `Tarea-5.toc'.

[2] [3

] [4] [5]
<Tarea-5_files/figure-latex/inf-1.pdf, id=175, 867.24pt x 361.35pt>
File: Tarea-5_files/figure-latex/inf-1.pdf Graphic file (type pdf)
<use Tarea-5_files/figure-latex/inf-1.pdf>
Package pdftex.def Info: Tarea-5_files/figure-latex/inf-1.pdf  used on input line 326.
(pdftex.def)             Requested size: 469.75827pt x 195.7326pt.
<Tarea-5_files/figure-latex/suby-1.pdf, id=176, 867.24pt x 361.35pt>
File: Tarea-5_files/figure-latex/suby-1.pdf Graphic file (type pdf)
<use Tarea-5_files/figure-latex/suby-1.pdf>
Package pdftex.def Info: Tarea-5_files/figure-latex/suby-1.pdf  used on input line 329.
(pdftex.def)             Requested size: 469.75827pt x 195.7326pt.
[6
pdfTeX warning (ext4): destination with the same identifier (name{figure.1}) has been already used, duplicate ignored
<argument> ...shipout:D \box_use:N \l_shipout_box 
                                                  \__shipout_drop_firstpage_...
l.331 
       <./Tarea-5_files/figure-latex/inf-1.pdf>]
<Tarea-5_files/figure-latex/desem-1.pdf, id=191, 867.24pt x 361.35pt>
File: Tarea-5_files/figure-latex/desem-1.pdf Graphic file (type pdf)
<use Tarea-5_files/figure-latex/desem-1.pdf>
Package pdftex.def Info: Tarea-5_files/figure-latex/desem-1.pdf  used on input line 333.
(pdftex.def)             Requested size: 469.75827pt x 195.7326pt.
<Tarea-5_files/figure-latex/cetes-1.pdf, id=192, 867.24pt x 361.35pt>
File: Tarea-5_files/figure-latex/cetes-1.pdf Graphic file (type pdf)
<use Tarea-5_files/figure-latex/cetes-1.pdf>
Package pdftex.def Info: Tarea-5_files/figure-latex/cetes-1.pdf  used on input line 337.
(pdftex.def)             Requested size: 469.75827pt x 195.7326pt.
[7
pdfTeX warning (ext4): destination with the same identifier (name{figure.2}) has been already used, duplicate ignored
<argument> ...shipout:D \box_use:N \l_shipout_box 
                                                  \__shipout_drop_firstpage_...
l.339 
      
pdfTeX warning (ext4): destination with the same identifier (name{figure.3}) has been already used, duplicate ignored
<argument> ...shipout:D \box_use:N \l_shipout_box 
                                                  \__shipout_drop_firstpage_...
l.339 
       <./Tarea-5_files/figure-latex/suby-1.pdf> <./Tarea-5_files/figure-latex/desem-1.pdf>] [8
pdfTeX warning (ext4): destination with the same identifier (name{figure.4}) has been already used, duplicate ignored
<argument> ...shipout:D \box_use:N \l_shipout_box 
                                                  \__shipout_drop_firstpage_...
l.398 
       <./Tarea-5_files/figure-latex/cetes-1.pdf>]
<Tarea-5_files/figure-latex/b1-1.pdf, id=222, 469.755pt x 325.215pt>
File: Tarea-5_files/figure-latex/b1-1.pdf Graphic file (type pdf)
<use Tarea-5_files/figure-latex/b1-1.pdf>
Package pdftex.def Info: Tarea-5_files/figure-latex/b1-1.pdf  used on input line 407.
(pdftex.def)             Requested size: 234.87692pt x 162.6071pt.
<Tarea-5_files/figure-latex/b1-2.pdf, id=223, 469.755pt x 325.215pt>
File: Tarea-5_files/figure-latex/b1-2.pdf Graphic file (type pdf)
<use Tarea-5_files/figure-latex/b1-2.pdf>
Package pdftex.def Info: Tarea-5_files/figure-latex/b1-2.pdf  used on input line 408.
(pdftex.def)             Requested size: 234.87692pt x 162.6071pt.
<Tarea-5_files/figure-latex/b1-3.pdf, id=224, 469.755pt x 325.215pt>
File: Tarea-5_files/figure-latex/b1-3.pdf Graphic file (type pdf)
<use Tarea-5_files/figure-latex/b1-3.pdf>
Package pdftex.def Info: Tarea-5_files/figure-latex/b1-3.pdf  used on input line 409.
(pdftex.def)             Requested size: 234.87692pt x 162.6071pt.
<Tarea-5_files/figure-latex/b1-4.pdf, id=225, 469.755pt x 325.215pt>
File: Tarea-5_files/figure-latex/b1-4.pdf Graphic file (type pdf)
<use Tarea-5_files/figure-latex/b1-4.pdf>
Package pdftex.def Info: Tarea-5_files/figure-latex/b1-4.pdf  used on input line 410.
(pdftex.def)             Requested size: 234.87692pt x 162.6071pt.

Overfull \hbox (2.22104pt too wide) in paragraph at lines 407--411
[][] []
 []


Overfull \hbox (2.22104pt too wide) in paragraph at lines 407--411
[] [] 
 []

LaTeX Font Info:    External font `lmex10' loaded for size
(Font)              <12> on input line 425.
LaTeX Font Info:    External font `lmex10' loaded for size
(Font)              <8> on input line 425.
LaTeX Font Info:    External font `lmex10' loaded for size
(Font)              <6> on input line 425.

Package hyperref Warning: Token not allowed in a PDF string (Unicode):
(hyperref)                removing `\leavevmode@ifvmode' on input line 425.


Package hyperref Warning: Token not allowed in a PDF string (Unicode):
(hyperref)                \kern 1.66702pt
(hyperref)                removed on input line 425.

[9
pdfTeX warning (ext4): destination with the same identifier (name{table.1}) has been already used, duplicate ignored
<argument> ...shipout:D \box_use:N \l_shipout_box 
                                                  \__shipout_drop_firstpage_...
l.429 \[
         <./Tarea-5_files/figure-latex/b1-1.pdf> <./Tarea-5_files/figure-latex/b1-2.pdf> <./Tarea-5_files/figure-latex/b1-3.pdf> <./Tarea-5_files/figure-latex/b1-4.pdf>]

Package hyperref Warning: Token not allowed in a PDF string (Unicode):
(hyperref)                removing `\leavevmode@ifvmode' on input line 512.


Package hyperref Warning: Token not allowed in a PDF string (Unicode):
(hyperref)                \kern 1.66702pt
(hyperref)                removed on input line 512.

[10
pdfTeX warning (ext4): destination with the same identifier (name{table.2}) has been already used, duplicate ignored
<argument> ...shipout:D \box_use:N \l_shipout_box 
                                                  \__shipout_drop_firstpage_...
l.520 
      ]
<ejercicio3.pdf, id=263, 597.50829pt x 845.0471pt>
File: ejercicio3.pdf Graphic file (type pdf)
<use ejercicio3.pdf>
Package pdftex.def Info: ejercicio3.pdf  used on input line 542.
(pdftex.def)             Requested size: 459.91869pt x 650.45619pt.
File: ejercicio3.pdf Graphic file (type pdf)
<use ejercicio3.pdf>
Package pdftex.def Info: ejercicio3.pdf  used on input line 542.
(pdftex.def)             Requested size: 459.91869pt x 650.45619pt.
<ejercicio3.pdf, id=266, page=1, 597.50829pt x 845.0471pt>
File: ejercicio3.pdf Graphic file (type pdf)
<use ejercicio3.pdf, page 1>
Package pdftex.def Info: ejercicio3.pdf , page1 used on input line 542.
(pdftex.def)             Requested size: 597.50682pt x 845.04504pt.
File: ejercicio3.pdf Graphic file (type pdf)
<use ejercicio3.pdf, page 1>
Package pdftex.def Info: ejercicio3.pdf , page1 used on input line 542.
(pdftex.def)             Requested size: 562.12285pt x 795.00201pt.
[11]
File: ejercicio3.pdf Graphic file (type pdf)
<use ejercicio3.pdf, page 1>
Package pdftex.def Info: ejercicio3.pdf , page1 used on input line 542.
(pdftex.def)             Requested size: 562.12285pt x 795.00201pt.
File: ejercicio3.pdf Graphic file (type pdf)
<use ejercicio3.pdf, page 1>
Package pdftex.def Info: ejercicio3.pdf , page1 used on input line 542.
(pdftex.def)             Requested size: 562.12285pt x 795.00201pt.
File: ejercicio3.pdf Graphic file (type pdf)
<use ejercicio3.pdf, page 1>
Package pdftex.def Info: ejercicio3.pdf , page1 used on input line 542.
(pdftex.def)             Requested size: 562.12285pt x 795.00201pt.
[12 <./ejercicio3.pdf>]
<ejercicio3.pdf, id=303, page=2, 597.50829pt x 845.0471pt>
File: ejercicio3.pdf Graphic file (type pdf)
<use ejercicio3.pdf, page 2>
Package pdftex.def Info: ejercicio3.pdf , page2 used on input line 542.
(pdftex.def)             Requested size: 562.12285pt x 795.00201pt.
File: ejercicio3.pdf Graphic file (type pdf)
<use ejercicio3.pdf, page 2>
Package pdftex.def Info: ejercicio3.pdf , page2 used on input line 542.
(pdftex.def)             Requested size: 562.12285pt x 795.00201pt.
File: ejercicio3.pdf Graphic file (type pdf)
<use ejercicio3.pdf, page 2>
Package pdftex.def Info: ejercicio3.pdf , page2 used on input line 542.
(pdftex.def)             Requested size: 562.12285pt x 795.00201pt.
[13 <./ejercicio3.pdf>]
<ejercicio3.pdf, id=326, page=3, 597.50829pt x 845.0471pt>
File: ejercicio3.pdf Graphic file (type pdf)
<use ejercicio3.pdf, page 3>
Package pdftex.def Info: ejercicio3.pdf , page3 used on input line 542.
(pdftex.def)             Requested size: 562.12285pt x 795.00201pt.
File: ejercicio3.pdf Graphic file (type pdf)
<use ejercicio3.pdf, page 3>
Package pdftex.def Info: ejercicio3.pdf , page3 used on input line 542.
(pdftex.def)             Requested size: 562.12285pt x 795.00201pt.
File: ejercicio3.pdf Graphic file (type pdf)
<use ejercicio3.pdf, page 3>
Package pdftex.def Info: ejercicio3.pdf , page3 used on input line 542.
(pdftex.def)             Requested size: 562.12285pt x 795.00201pt.
[14 <./ejercicio3.pdf>]
<ejercicio3.pdf, id=331, page=4, 597.50829pt x 845.0471pt>
File: ejercicio3.pdf Graphic file (type pdf)
<use ejercicio3.pdf, page 4>
Package pdftex.def Info: ejercicio3.pdf , page4 used on input line 542.
(pdftex.def)             Requested size: 562.12285pt x 795.00201pt.
File: ejercicio3.pdf Graphic file (type pdf)
<use ejercicio3.pdf, page 4>
Package pdftex.def Info: ejercicio3.pdf , page4 used on input line 542.
(pdftex.def)             Requested size: 562.12285pt x 795.00201pt.
File: ejercicio3.pdf Graphic file (type pdf)
<use ejercicio3.pdf, page 4>
Package pdftex.def Info: ejercicio3.pdf , page4 used on input line 542.
(pdftex.def)             Requested size: 562.12285pt x 795.00201pt.
[15 <./ejercicio3.pdf>]
Overfull \hbox (6.46527pt too wide) in paragraph at lines 553--553
[]\T1/lmr/bx/n/12 Obtenga da-tos de la can-ti-dad de di-ne-ro de dis-tin-tos ti-pos M0,M1,M2,M3,M4
 []

<Tarea-5_files/figure-latex/4i-1.pdf, id=336, 469.755pt x 325.215pt>
File: Tarea-5_files/figure-latex/4i-1.pdf Graphic file (type pdf)
<use Tarea-5_files/figure-latex/4i-1.pdf>
Package pdftex.def Info: Tarea-5_files/figure-latex/4i-1.pdf  used on input line 557.
(pdftex.def)             Requested size: 469.75386pt x 325.2142pt.
<Tarea-5_files/figure-latex/4iia-1.pdf, id=337, 469.755pt x 325.215pt>
File: Tarea-5_files/figure-latex/4iia-1.pdf Graphic file (type pdf)
<use Tarea-5_files/figure-latex/4iia-1.pdf>
Package pdftex.def Info: Tarea-5_files/figure-latex/4iia-1.pdf  used on input line 587.
(pdftex.def)             Requested size: 469.75386pt x 325.2142pt.

Underfull \hbox (badness 10000) in paragraph at lines 587--593
[][]
 []

[16
pdfTeX warning (ext4): destination with the same identifier (name{table.3}) has been already used, duplicate ignored
<argument> ...shipout:D \box_use:N \l_shipout_box 
                                                  \__shipout_drop_firstpage_...
l.593 
      ] [17
pdfTeX warning (ext4): destination with the same identifier (name{figure.5}) has been already used, duplicate ignored
<argument> ...shipout:D \box_use:N \l_shipout_box 
                                                  \__shipout_drop_firstpage_...
l.593 
       <./Tarea-5_files/figure-latex/4i-1.pdf>]
Overfull \hbox (6.57738pt too wide) in paragraph at lines 615--626
 [][] 
 []

[18
pdfTeX warning (ext4): destination with the same identifier (name{table.4}) has been already used, duplicate ignored
<argument> ...shipout:D \box_use:N \l_shipout_box 
                                                  \__shipout_drop_firstpage_...
l.635 
       <./Tarea-5_files/figure-latex/4iia-1.pdf>]

pdfTeX warning: pdflatex.exe (file ./ej3.pdf): PDF inclusion: found PDF version <1.6>, but at most version <1.5> allowed
<ej3.pdf, id=368, 614.295pt x 794.97pt>
File: ej3.pdf Graphic file (type pdf)
<use ej3.pdf>
Package pdftex.def Info: ej3.pdf  used on input line 674.
(pdftex.def)             Requested size: 469.75604pt x 607.9196pt.


pdfTeX warning: pdflatex.exe (file ./ej3.pdf): PDF inclusion: found PDF version <1.6>, but at most version <1.5> allowed
File: ej3.pdf Graphic file (type pdf)
<use ej3.pdf>
Package pdftex.def Info: ej3.pdf  used on input line 674.
(pdftex.def)             Requested size: 469.75604pt x 607.9196pt.


pdfTeX warning: pdflatex.exe (file ./ej3.pdf): PDF inclusion: found PDF version <1.6>, but at most version <1.5> allowed


pdfTeX warning: pdflatex.exe (file ./ej3.pdf): PDF inclusion: found PDF version <1.6>, but at most version <1.5> allowed
<ej3.pdf, id=371, page=1, 614.295pt x 794.97pt>
File: ej3.pdf Graphic file (type pdf)
<use ej3.pdf, page 1>
Package pdftex.def Info: ej3.pdf , page1 used on input line 674.
(pdftex.def)             Requested size: 614.29349pt x 794.96806pt.
File: ej3.pdf Graphic file (type pdf)
<use ej3.pdf, page 1>
Package pdftex.def Info: ej3.pdf , page1 used on input line 674.
(pdftex.def)             Requested size: 614.58406pt x 795.3441pt.
[19
pdfTeX warning (ext4): destination with the same identifier (name{table.5}) has been already used, duplicate ignored
<argument> ...shipout:D \box_use:N \l_shipout_box 
                                                  \__shipout_drop_firstpage_...
l.674 \includepdf[pages={-}]{ej3.pdf}
                                     ]
File: ej3.pdf Graphic file (type pdf)
<use ej3.pdf, page 1>
Package pdftex.def Info: ej3.pdf , page1 used on input line 674.
(pdftex.def)             Requested size: 614.58406pt x 795.3441pt.
File: ej3.pdf Graphic file (type pdf)
<use ej3.pdf, page 1>
Package pdftex.def Info: ej3.pdf , page1 used on input line 674.
(pdftex.def)             Requested size: 614.58406pt x 795.3441pt.
File: ej3.pdf Graphic file (type pdf)
<use ej3.pdf, page 1>
Package pdftex.def Info: ej3.pdf , page1 used on input line 674.
(pdftex.def)             Requested size: 614.58406pt x 795.3441pt.
[20 <./ej3.pdf>]

pdfTeX warning: pdflatex.exe (file ./ej3.pdf): PDF inclusion: found PDF version <1.6>, but at most version <1.5> allowed
<ej3.pdf, id=406, page=2, 614.295pt x 794.97pt>
File: ej3.pdf Graphic file (type pdf)
<use ej3.pdf, page 2>
Package pdftex.def Info: ej3.pdf , page2 used on input line 674.
(pdftex.def)             Requested size: 614.58406pt x 795.3441pt.
File: ej3.pdf Graphic file (type pdf)
<use ej3.pdf, page 2>
Package pdftex.def Info: ej3.pdf , page2 used on input line 674.
(pdftex.def)             Requested size: 614.58406pt x 795.3441pt.
File: ej3.pdf Graphic file (type pdf)
<use ej3.pdf, page 2>
Package pdftex.def Info: ej3.pdf , page2 used on input line 674.
(pdftex.def)             Requested size: 614.58406pt x 795.3441pt.
[21 <./ej3.pdf>]

pdfTeX warning: pdflatex.exe (file ./ej3.pdf): PDF inclusion: found PDF version <1.6>, but at most version <1.5> allowed
<ej3.pdf, id=411, page=3, 614.295pt x 794.97pt>
File: ej3.pdf Graphic file (type pdf)
<use ej3.pdf, page 3>
Package pdftex.def Info: ej3.pdf , page3 used on input line 674.
(pdftex.def)             Requested size: 614.58406pt x 795.3441pt.
File: ej3.pdf Graphic file (type pdf)
<use ej3.pdf, page 3>
Package pdftex.def Info: ej3.pdf , page3 used on input line 674.
(pdftex.def)             Requested size: 614.58406pt x 795.3441pt.
File: ej3.pdf Graphic file (type pdf)
<use ej3.pdf, page 3>
Package pdftex.def Info: ej3.pdf , page3 used on input line 674.
(pdftex.def)             Requested size: 614.58406pt x 795.3441pt.
[22 <./ej3.pdf>]

pdfTeX warning: pdflatex.exe (file ./ej3.pdf): PDF inclusion: found PDF version <1.6>, but at most version <1.5> allowed
<ej3.pdf, id=416, page=4, 614.295pt x 794.97pt>
File: ej3.pdf Graphic file (type pdf)
<use ej3.pdf, page 4>
Package pdftex.def Info: ej3.pdf , page4 used on input line 674.
(pdftex.def)             Requested size: 614.58406pt x 795.3441pt.
File: ej3.pdf Graphic file (type pdf)
<use ej3.pdf, page 4>
Package pdftex.def Info: ej3.pdf , page4 used on input line 674.
(pdftex.def)             Requested size: 614.58406pt x 795.3441pt.
File: ej3.pdf Graphic file (type pdf)
<use ej3.pdf, page 4>
Package pdftex.def Info: ej3.pdf , page4 used on input line 674.
(pdftex.def)             Requested size: 614.58406pt x 795.3441pt.
[23 <./ej3.pdf>]

pdfTeX warning: pdflatex.exe (file ./ej3.pdf): PDF inclusion: found PDF version <1.6>, but at most version <1.5> allowed
<ej3.pdf, id=421, page=5, 614.295pt x 794.97pt>
File: ej3.pdf Graphic file (type pdf)
<use ej3.pdf, page 5>
Package pdftex.def Info: ej3.pdf , page5 used on input line 674.
(pdftex.def)             Requested size: 614.58406pt x 795.3441pt.
File: ej3.pdf Graphic file (type pdf)
<use ej3.pdf, page 5>
Package pdftex.def Info: ej3.pdf , page5 used on input line 674.
(pdftex.def)             Requested size: 614.58406pt x 795.3441pt.
File: ej3.pdf Graphic file (type pdf)
<use ej3.pdf, page 5>
Package pdftex.def Info: ej3.pdf , page5 used on input line 674.
(pdftex.def)             Requested size: 614.58406pt x 795.3441pt.
[24 <./ej3.pdf>]

pdfTeX warning: pdflatex.exe (file ./ej3.pdf): PDF inclusion: found PDF version <1.6>, but at most version <1.5> allowed
<ej3.pdf, id=427, page=6, 614.295pt x 794.97pt>
File: ej3.pdf Graphic file (type pdf)
<use ej3.pdf, page 6>
Package pdftex.def Info: ej3.pdf , page6 used on input line 674.
(pdftex.def)             Requested size: 614.58406pt x 795.3441pt.
File: ej3.pdf Graphic file (type pdf)
<use ej3.pdf, page 6>
Package pdftex.def Info: ej3.pdf , page6 used on input line 674.
(pdftex.def)             Requested size: 614.58406pt x 795.3441pt.
File: ej3.pdf Graphic file (type pdf)
<use ej3.pdf, page 6>
Package pdftex.def Info: ej3.pdf , page6 used on input line 674.
(pdftex.def)             Requested size: 614.58406pt x 795.3441pt.
[25 <./ej3.pdf>]

pdfTeX warning: pdflatex.exe (file ./ej3.pdf): PDF inclusion: found PDF version <1.6>, but at most version <1.5> allowed
<ej3.pdf, id=433, page=7, 614.295pt x 794.97pt>
File: ej3.pdf Graphic file (type pdf)
<use ej3.pdf, page 7>
Package pdftex.def Info: ej3.pdf , page7 used on input line 674.
(pdftex.def)             Requested size: 614.58406pt x 795.3441pt.
File: ej3.pdf Graphic file (type pdf)
<use ej3.pdf, page 7>
Package pdftex.def Info: ej3.pdf , page7 used on input line 674.
(pdftex.def)             Requested size: 614.58406pt x 795.3441pt.
File: ej3.pdf Graphic file (type pdf)
<use ej3.pdf, page 7>
Package pdftex.def Info: ej3.pdf , page7 used on input line 674.
(pdftex.def)             Requested size: 614.58406pt x 795.3441pt.
[26 <./ej3.pdf>]

pdfTeX warning: pdflatex.exe (file ./ej3.pdf): PDF inclusion: found PDF version <1.6>, but at most version <1.5> allowed
<ej3.pdf, id=438, page=8, 614.295pt x 794.97pt>
File: ej3.pdf Graphic file (type pdf)
<use ej3.pdf, page 8>
Package pdftex.def Info: ej3.pdf , page8 used on input line 674.
(pdftex.def)             Requested size: 614.58406pt x 795.3441pt.
File: ej3.pdf Graphic file (type pdf)
<use ej3.pdf, page 8>
Package pdftex.def Info: ej3.pdf , page8 used on input line 674.
(pdftex.def)             Requested size: 614.58406pt x 795.3441pt.
File: ej3.pdf Graphic file (type pdf)
<use ej3.pdf, page 8>
Package pdftex.def Info: ej3.pdf , page8 used on input line 674.
(pdftex.def)             Requested size: 614.58406pt x 795.3441pt.
[27 <./ej3.pdf>]

pdfTeX warning: pdflatex.exe (file ./ej3.pdf): PDF inclusion: found PDF version <1.6>, but at most version <1.5> allowed
<ej3.pdf, id=443, page=9, 614.295pt x 794.97pt>
File: ej3.pdf Graphic file (type pdf)
<use ej3.pdf, page 9>
Package pdftex.def Info: ej3.pdf , page9 used on input line 674.
(pdftex.def)             Requested size: 614.58406pt x 795.3441pt.
File: ej3.pdf Graphic file (type pdf)
<use ej3.pdf, page 9>
Package pdftex.def Info: ej3.pdf , page9 used on input line 674.
(pdftex.def)             Requested size: 614.58406pt x 795.3441pt.
File: ej3.pdf Graphic file (type pdf)
<use ej3.pdf, page 9>
Package pdftex.def Info: ej3.pdf , page9 used on input line 674.
(pdftex.def)             Requested size: 614.58406pt x 795.3441pt.
[28 <./ej3.pdf>]

pdfTeX warning: pdflatex.exe (file ./ej3.pdf): PDF inclusion: found PDF version <1.6>, but at most version <1.5> allowed
<ej3.pdf, id=448, page=10, 614.295pt x 794.97pt>
File: ej3.pdf Graphic file (type pdf)
<use ej3.pdf, page 10>
Package pdftex.def Info: ej3.pdf , page10 used on input line 674.
(pdftex.def)             Requested size: 614.58406pt x 795.3441pt.
File: ej3.pdf Graphic file (type pdf)
<use ej3.pdf, page 10>
Package pdftex.def Info: ej3.pdf , page10 used on input line 674.
(pdftex.def)             Requested size: 614.58406pt x 795.3441pt.
File: ej3.pdf Graphic file (type pdf)
<use ej3.pdf, page 10>
Package pdftex.def Info: ej3.pdf , page10 used on input line 674.
(pdftex.def)             Requested size: 614.58406pt x 795.3441pt.
[29 <./ej3.pdf>]

pdfTeX warning: pdflatex.exe (file ./ej3.pdf): PDF inclusion: found PDF version <1.6>, but at most version <1.5> allowed
<ej3.pdf, id=453, page=11, 614.295pt x 794.97pt>
File: ej3.pdf Graphic file (type pdf)
<use ej3.pdf, page 11>
Package pdftex.def Info: ej3.pdf , page11 used on input line 674.
(pdftex.def)             Requested size: 614.58406pt x 795.3441pt.
File: ej3.pdf Graphic file (type pdf)
<use ej3.pdf, page 11>
Package pdftex.def Info: ej3.pdf , page11 used on input line 674.
(pdftex.def)             Requested size: 614.58406pt x 795.3441pt.
File: ej3.pdf Graphic file (type pdf)
<use ej3.pdf, page 11>
Package pdftex.def Info: ej3.pdf , page11 used on input line 674.
(pdftex.def)             Requested size: 614.58406pt x 795.3441pt.
[30 <./ej3.pdf>]

pdfTeX warning: pdflatex.exe (file ./ej3.pdf): PDF inclusion: found PDF version <1.6>, but at most version <1.5> allowed
<ej3.pdf, id=459, page=12, 614.295pt x 794.97pt>
File: ej3.pdf Graphic file (type pdf)
<use ej3.pdf, page 12>
Package pdftex.def Info: ej3.pdf , page12 used on input line 674.
(pdftex.def)             Requested size: 614.58406pt x 795.3441pt.
File: ej3.pdf Graphic file (type pdf)
<use ej3.pdf, page 12>
Package pdftex.def Info: ej3.pdf , page12 used on input line 674.
(pdftex.def)             Requested size: 614.58406pt x 795.3441pt.
File: ej3.pdf Graphic file (type pdf)
<use ej3.pdf, page 12>
Package pdftex.def Info: ej3.pdf , page12 used on input line 674.
(pdftex.def)             Requested size: 614.58406pt x 795.3441pt.
[31 <./ej3.pdf>]

pdfTeX warning: pdflatex.exe (file ./ej3.pdf): PDF inclusion: found PDF version <1.6>, but at most version <1.5> allowed
<ej3.pdf, id=464, page=13, 614.295pt x 794.97pt>
File: ej3.pdf Graphic file (type pdf)
<use ej3.pdf, page 13>
Package pdftex.def Info: ej3.pdf , page13 used on input line 674.
(pdftex.def)             Requested size: 614.58406pt x 795.3441pt.
File: ej3.pdf Graphic file (type pdf)
<use ej3.pdf, page 13>
Package pdftex.def Info: ej3.pdf , page13 used on input line 674.
(pdftex.def)             Requested size: 614.58406pt x 795.3441pt.
File: ej3.pdf Graphic file (type pdf)
<use ej3.pdf, page 13>
Package pdftex.def Info: ej3.pdf , page13 used on input line 674.
(pdftex.def)             Requested size: 614.58406pt x 795.3441pt.
[32 <./ej3.pdf>]

pdfTeX warning: pdflatex.exe (file ./ej3.pdf): PDF inclusion: found PDF version <1.6>, but at most version <1.5> allowed
<ej3.pdf, id=469, page=14, 614.295pt x 794.97pt>
File: ej3.pdf Graphic file (type pdf)
<use ej3.pdf, page 14>
Package pdftex.def Info: ej3.pdf , page14 used on input line 674.
(pdftex.def)             Requested size: 614.58406pt x 795.3441pt.
File: ej3.pdf Graphic file (type pdf)
<use ej3.pdf, page 14>
Package pdftex.def Info: ej3.pdf , page14 used on input line 674.
(pdftex.def)             Requested size: 614.58406pt x 795.3441pt.
File: ej3.pdf Graphic file (type pdf)
<use ej3.pdf, page 14>
Package pdftex.def Info: ej3.pdf , page14 used on input line 674.
(pdftex.def)             Requested size: 614.58406pt x 795.3441pt.
[33 <./ej3.pdf>] (./Tarea-5.aux
LaTeX Info: Redefining \. on input line 22.
LaTeX Info: Redefining \% on input line 22.
)

LaTeX Warning: There were multiply-defined labels.

Package rerunfilecheck Info: File `Tarea-5.out' has not changed.
(rerunfilecheck)             Checksum: 45867E404854C6A4D7AF60E286F1125E;24740.
 ) 
Here is how much of TeX's memory you used:
 15236 strings out of 480242
 256212 string characters out of 5891913
 611399 words of memory out of 5000000
 32782 multiletter control sequences out of 15000+600000
 525609 words of font info for 72 fonts, out of 8000000 for 9000
 14 hyphenation exceptions out of 8191
 72i,17n,77p,5596b,676s stack positions out of 10000i,1000n,20000p,200000b,200000s
{c:/Users/rault/AppData/Roaming/TinyTeX/texmf-dist/fonts/enc/dvips/lm/lm-ec.enc}{c:/Users/rault/AppData/Roaming/TinyTeX/texmf-dist/fonts/enc/dvips/lm/lm-ts1.enc}{c:/Users/rault/AppData/Roaming/TinyTeX/texmf-dist/fonts/enc/dvips/lm/lm-mathsy.enc}{c:/Users/rault/AppData/Roaming/TinyTeX/texmf-dist/fonts/enc/dvips/lm/lm-rm.enc}{c:/Users/rault/AppData/Roaming/TinyTeX/texmf-dist/fonts/enc/dvips/lm/lm-mathit.enc}<c:/Users/rault/AppData/Roaming/TinyTeX/texmf-dist/fonts/type1/public/amsfonts/cm/cmbx12.pfb><c:/Users/rault/AppData/Roaming/TinyTeX/texmf-dist/fonts/type1/public/amsfonts/cm/cmmi12.pfb><c:/Users/rault/AppData/Roaming/TinyTeX/texmf-dist/fonts/type1/public/amsfonts/cm/cmmi8.pfb><c:/Users/rault/AppData/Roaming/TinyTeX/texmf-dist/fonts/type1/public/amsfonts/cm/cmr12.pfb><c:/Users/rault/AppData/Roaming/TinyTeX/texmf-dist/fonts/type1/public/amsfonts/cm/cmr8.pfb><c:/Users/rault/AppData/Roaming/TinyTeX/texmf-dist/fonts/type1/public/lm/lmbx10.pfb><c:/Users/rault/AppData/Roaming/TinyTeX/texmf-dist/fonts/type1/public/lm/lmbx12.pfb><c:/Users/rault/AppData/Roaming/TinyTeX/texmf-dist/fonts/type1/public/lm/lmmi10.pfb><c:/Users/rault/AppData/Roaming/TinyTeX/texmf-dist/fonts/type1/public/lm/lmmi5.pfb><c:/Users/rault/AppData/Roaming/TinyTeX/texmf-dist/fonts/type1/public/lm/lmmi7.pfb><c:/Users/rault/AppData/Roaming/TinyTeX/texmf-dist/fonts/type1/public/lm/lmr10.pfb><c:/Users/rault/AppData/Roaming/TinyTeX/texmf-dist/fonts/type1/public/lm/lmr5.pfb><c:/Users/rault/AppData/Roaming/TinyTeX/texmf-dist/fonts/type1/public/lm/lmr6.pfb><c:/Users/rault/AppData/Roaming/TinyTeX/texmf-dist/fonts/type1/public/lm/lmr7.pfb><c:/Users/rault/AppData/Roaming/TinyTeX/texmf-dist/fonts/type1/public/lm/lmr8.pfb><c:/Users/rault/AppData/Roaming/TinyTeX/texmf-dist/fonts/type1/public/lm/lmri10.pfb><c:/Users/rault/AppData/Roaming/TinyTeX/texmf-dist/fonts/type1/public/lm/lmsy10.pfb><c:/Users/rault/AppData/Roaming/TinyTeX/texmf-dist/fonts/type1/public/lm/lmsy7.pfb>
Output written on Tarea-5.pdf (34 pages, 648805 bytes).
PDF statistics:
 568 PDF objects out of 1000 (max. 8388607)
 431 compressed objects within 5 object streams
 84 named destinations out of 1000 (max. 500000)
 304 words of extra memory for PDF output out of 10000 (max. 10000000)

